<?xml version="1.0" encoding="UTF-8"?>
<testsuite name="SomeTest" tests="1" skipped="0" failures="0" errors="0" timestamp="2024-03-05T08:01:39" hostname="loerndeMacBook-Pro.local" time="0.003">
  <properties/>
  <testcase name="likeUiCheck()" classname="SomeTest" time="0.003"/>
  <system-out><![CDATA[Test UiCheck
]]></system-out>
  <system-err><![CDATA[]]></system-err>
</testsuite>
